Using pre-set license
Built from '2020.3/staging' branch; Version is '2020.3.0f1 (c7b5465681fb) revision 13088070'; Using compiler version '192528614'; Build Type 'Release'
OS: 'Windows 10 Home; OS build 19043.1415; Version 2009; 64bit' Language: 'en' Physical Memory: 7105 MB
BatchMode: 1, IsHumanControllingUs: 0, StartBugReporterOnCrash: 0, Is64bit: 1, IsPro: 0

 COMMAND LINE ARGUMENTS:
C:\Users\Yibiq\Desktop\unity\2020.3.0f1\Editor\Unity.exe
-adb2
-batchMode
-noUpm
-name
AssetImportWorker0
-projectPath
C:/Users/Yibiq/Desktop/unity/Action Platformer
-logFile
Logs/AssetImportWorker0.log
-srvPort
50103
Successfully changed project path to: C:/Users/Yibiq/Desktop/unity/Action Platformer
C:/Users/Yibiq/Desktop/unity/Action Platformer
Using Asset Import Pipeline V2.
Refreshing native plugins compatible for Editor in 44.63 ms, found 1 plugins.
Preloading 0 native plugins for Editor in 0.00 ms.
Initialize engine version: 2020.3.0f1 (c7b5465681fb)
[Subsystems] Discovering subsystems at path C:/Users/Yibiq/Desktop/unity/2020.3.0f1/Editor/Data/Resources/UnitySubsystems
[Subsystems] Discovering subsystems at path C:/Users/Yibiq/Desktop/unity/Action Platformer/Assets
GfxDevice: creating device client; threaded=0
Direct3D:
    Version:  Direct3D 11.0 [level 11.1]
    Renderer: AMD Radeon(TM) Vega 8 Graphics (ID=0x15d8)
    Vendor:   
    VRAM:     3552 MB
    Driver:   26.20.11030.22001
Initialize mono
Mono path[0] = 'C:/Users/Yibiq/Desktop/unity/2020.3.0f1/Editor/Data/Managed'
Mono path[1] = 'C:/Users/Yibiq/Desktop/unity/2020.3.0f1/Editor/Data/MonoBleedingEdge/lib/mono/unityjit'
Mono config path = 'C:/Users/Yibiq/Desktop/unity/2020.3.0f1/Editor/Data/MonoBleedingEdge/etc'
Using monoOptions --debugger-agent=transport=dt_socket,embedding=1,server=y,suspend=n,address=127.0.0.1:56932
Begin MonoManager ReloadAssembly
Registering precompiled unity dll's ...
Register platform support module: C:/Users/Yibiq/Desktop/unity/2020.3.0f1/Editor/Data/PlaybackEngines/MacStandaloneSupport/UnityEditor.OSXStandalone.Extensions.dll
Register platform support module: C:/Users/Yibiq/Desktop/unity/2020.3.0f1/Editor/Data/PlaybackEngines/WindowsStandaloneSupport/UnityEditor.WindowsStandalone.Extensions.dll
Registered in 0.007893 seconds.
Native extension for WindowsStandalone target not found
Native extension for OSXStandalone target not found
Refreshing native plugins compatible for Editor in 62.49 ms, found 1 plugins.
Preloading 0 native plugins for Editor in 0.00 ms.
Invoked RoslynAnalysisRunner static constructor.
RoslynAnalysisRunner will not be running.
RoslynAnalysisRunner has terminated.
Mono: successfully reloaded assembly
- Completed reload, in  6.184 seconds
Platform modules already initialized, skipping
Registering precompiled user dll's ...
Registered in 0.003028 seconds.
Begin MonoManager ReloadAssembly
Native extension for WindowsStandalone target not found
Native extension for OSXStandalone target not found
Refreshing native plugins compatible for Editor in 65.56 ms, found 1 plugins.
Preloading 0 native plugins for Editor in 0.00 ms.
Invoked RoslynAnalysisRunner static constructor.
RoslynAnalysisRunner will not be running.
RoslynAnalysisRunner has terminated.
Mono: successfully reloaded assembly
- Completed reload, in  1.721 seconds
Platform modules already initialized, skipping
========================================================================
Worker process is ready to serve import requests
Launched and connected shader compiler UnityShaderCompiler.exe after 0.11 seconds
Refreshing native plugins compatible for Editor in 0.61 ms, found 1 plugins.
Preloading 0 native plugins for Editor in 0.00 ms.
Unloading 1813 Unused Serialized files (Serialized files now loaded: 0)
System memory in use before: 85.1 MB.
System memory in use after: 85.2 MB.

Unloading 19 unused Assets to reduce memory usage. Loaded Objects now: 2264.
Total: 2.648800 ms (FindLiveObjects: 0.335200 ms CreateObjectMapping: 0.067600 ms MarkObjects: 2.141100 ms  DeleteObjects: 0.103400 ms)

========================================================================
Received Import Request.
  path: Assets/Scenes
  artifactKey: Guid(cf262b36120895f41a36c2ae82abea03) Importer(815301076,1909f56bfc062723c751e8b465ee728b)
Start importing Assets/Scenes using Guid(cf262b36120895f41a36c2ae82abea03) Importer(815301076,1909f56bfc062723c751e8b465ee728b)  -> (artifact id: 'ec390b06c8415a4becb654d454fb8e25') in 0.007336 seconds
  Import took 0.013246 seconds .

========================================================================
Received Import Request.
  Time since last request: 0.000458 seconds.
  path: Assets/Scripts/AnimationController.cs
  artifactKey: Guid(7b259530ece0e1f438e58c710ba6be32) Importer(815301076,1909f56bfc062723c751e8b465ee728b)
Start importing Assets/Scripts/AnimationController.cs using Guid(7b259530ece0e1f438e58c710ba6be32) Importer(815301076,1909f56bfc062723c751e8b465ee728b)  -> (artifact id: 'dbecd9ed1417f8dbc6c2ca114d857b5b') in 0.081353 seconds
  Import took 0.086522 seconds .

========================================================================
Received Import Request.
  Time since last request: 0.000383 seconds.
  path: Assets/Animation
  artifactKey: Guid(e4f59494272d6b44fa2c31d980cbfa49) Importer(815301076,1909f56bfc062723c751e8b465ee728b)
Start importing Assets/Animation using Guid(e4f59494272d6b44fa2c31d980cbfa49) Importer(815301076,1909f56bfc062723c751e8b465ee728b)  -> (artifact id: '397b1ef85be65d1a91893b435f9be15e') in 0.005287 seconds
  Import took 0.011987 seconds .

========================================================================
Received Import Request.
  Time since last request: 0.478698 seconds.
  path: Assets/Scripts/Character.cs
  artifactKey: Guid(3fcc25fd41fd0684a9c34c8042a88e43) Importer(815301076,1909f56bfc062723c751e8b465ee728b)
Start importing Assets/Scripts/Character.cs using Guid(3fcc25fd41fd0684a9c34c8042a88e43) Importer(815301076,1909f56bfc062723c751e8b465ee728b)  -> (artifact id: '1a58c805fd9f147debf9115264a16ef0') in 0.006911 seconds
  Import took 0.014719 seconds .

========================================================================
Received Prepare
Refreshing native plugins compatible for Editor in 12.58 ms, found 1 plugins.
Preloading 0 native plugins for Editor in 0.00 ms.
Unloading 5 Unused Serialized files (Serialized files now loaded: 0)
System memory in use before: 49.0 MB.
System memory in use after: 49.1 MB.

Unloading 5 unused Assets to reduce memory usage. Loaded Objects now: 2264.
Total: 4.034800 ms (FindLiveObjects: 0.425500 ms CreateObjectMapping: 0.099200 ms MarkObjects: 3.483600 ms  DeleteObjects: 0.024100 ms)

AssetImportWorkerClient::OnTransportError - code=2 error=End of file
